
> clinical-report-builder@0.1.0 dev
> next dev --port 3000

▲ Next.js 16.2.6 (Turbopack)
- Local:         http://localhost:3000
- Network:       http://172.28.128.1:3000
✓ Ready in 441ms

 GET / 200 in 2.0s (next.js: 1834ms, application-code: 194ms)
 GET / 200 in 72ms (next.js: 6ms, application-code: 66ms)
 GET / 200 in 54ms (next.js: 4ms, application-code: 50ms)
 GET /templates 200 in 249ms (next.js: 223ms, application-code: 26ms)
 GET /builder/corrective 200 in 1157ms (next.js: 1135ms, application-code: 22ms)
 GET / 200 in 143ms (next.js: 15ms, application-code: 128ms)
 GET / 200 in 157ms (next.js: 24ms, application-code: 133ms)
 GET / 200 in 46ms (next.js: 4ms, application-code: 42ms)
 GET /builder/corrective 200 in 319ms (next.js: 9ms, application-code: 309ms)
✓ Compiled in 652ms
 GET / 200 in 569ms (next.js: 305ms, application-code: 264ms)
✓ Compiled in 98ms
 GET / 200 in 316ms (next.js: 160ms, application-code: 156ms)
 GET /templates 200 in 248ms (next.js: 141ms, application-code: 107ms)
 GET /builder/corrective 200 in 424ms (next.js: 173ms, application-code: 251ms)
 GET /templates 200 in 50ms (next.js: 4ms, application-code: 46ms)
 GET / 200 in 188ms (next.js: 89ms, application-code: 99ms)
✓ Compiled in 274ms
✓ Compiled in 64ms
 GET / 200 in 504ms (next.js: 228ms, application-code: 276ms)
✓ Compiled in 170ms
 GET /builder/corrective 200 in 1404ms (next.js: 580ms, application-code: 824ms)
